Determining if the pthread_create exist failed with the following output:
Change Dir: /home/justin/class/ROB530/ROB-530_DVO/catkin_ws/build/CMakeFiles/CMakeTmp

Run Build Command:"/usr/bin/make" "cmTC_4a0b1/fast"
/usr/bin/make -f CMakeFiles/cmTC_4a0b1.dir/build.make CMakeFiles/cmTC_4a0b1.dir/build
make[1]: Entering directory '/home/justin/class/ROB530/ROB-530_DVO/catkin_ws/build/CMakeFiles/CMakeTmp'
Building C object CMakeFiles/cmTC_4a0b1.dir/CheckSymbolExists.c.o
/usr/bin/cc     -o CMakeFiles/cmTC_4a0b1.dir/CheckSymbolExists.c.o   -c /home/justin/class/ROB530/ROB-530_DVO/catkin_ws/build/CMakeFiles/CMakeTmp/CheckSymbolExists.c
Linking C executable cmTC_4a0b1
/usr/bin/cmake -E cmake_link_script CMakeFiles/cmTC_4a0b1.dir/link.txt --verbose=1
/usr/bin/cc       CMakeFiles/cmTC_4a0b1.dir/CheckSymbolExists.c.o  -o cmTC_4a0b1 -rdynamic 
CMakeFiles/cmTC_4a0b1.dir/CheckSymbolExists.c.o: In function `main':
CheckSymbolExists.c:(.text+0x16): undefined reference to `pthread_create'
collect2: error: ld returned 1 exit status
CMakeFiles/cmTC_4a0b1.dir/build.make:97: recipe for target 'cmTC_4a0b1' failed
make[1]: *** [cmTC_4a0b1] Error 1
make[1]: Leaving directory '/home/justin/class/ROB530/ROB-530_DVO/catkin_ws/build/CMakeFiles/CMakeTmp'
Makefile:126: recipe for target 'cmTC_4a0b1/fast' failed
make: *** [cmTC_4a0b1/fast] Error 2

File /home/justin/class/ROB530/ROB-530_DVO/catkin_ws/build/CMakeFiles/CMakeTmp/CheckSymbolExists.c:
/* */
#include <pthread.h>

int main(int argc, char** argv)
{
  (void)argv;
#ifndef pthread_create
  return ((int*)(&pthread_create))[argc];
#else
  (void)argc;
  return 0;
#endif
}

Determining if the function pthread_create exists in the pthreads failed with the following output:
Change Dir: /home/justin/class/ROB530/ROB-530_DVO/catkin_ws/build/CMakeFiles/CMakeTmp

Run Build Command:"/usr/bin/make" "cmTC_59f60/fast"
/usr/bin/make -f CMakeFiles/cmTC_59f60.dir/build.make CMakeFiles/cmTC_59f60.dir/build
make[1]: Entering directory '/home/justin/class/ROB530/ROB-530_DVO/catkin_ws/build/CMakeFiles/CMakeTmp'
Building C object CMakeFiles/cmTC_59f60.dir/CheckFunctionExists.c.o
/usr/bin/cc    -DCHECK_FUNCTION_EXISTS=pthread_create   -o CMakeFiles/cmTC_59f60.dir/CheckFunctionExists.c.o   -c /usr/share/cmake-3.5/Modules/CheckFunctionExists.c
Linking C executable cmTC_59f60
/usr/bin/cmake -E cmake_link_script CMakeFiles/cmTC_59f60.dir/link.txt --verbose=1
/usr/bin/cc   -DCHECK_FUNCTION_EXISTS=pthread_create    CMakeFiles/cmTC_59f60.dir/CheckFunctionExists.c.o  -o cmTC_59f60 -rdynamic -lpthreads 
/usr/bin/ld: cannot find -lpthreads
collect2: error: ld returned 1 exit status
CMakeFiles/cmTC_59f60.dir/build.make:97: recipe for target 'cmTC_59f60' failed
make[1]: *** [cmTC_59f60] Error 1
make[1]: Leaving directory '/home/justin/class/ROB530/ROB-530_DVO/catkin_ws/build/CMakeFiles/CMakeTmp'
Makefile:126: recipe for target 'cmTC_59f60/fast' failed
make: *** [cmTC_59f60/fast] Error 2


